{"/Users/alvarocarvalho/desenv/personal/plan-review/src/formatter.ts": {"path":"/Users/alvarocarvalho/desenv/personal/plan-review/src/formatter.ts","statementMap":{"0":{"start":{"line":4,"column":30},"end":{"line":4,"column":75}},"1":{"start":{"line":4,"column":62},"end":{"line":4,"column":74}},"2":{"start":{"line":5,"column":29},"end":{"line":6,"column":null}},"3":{"start":{"line":6,"column":4},"end":{"line":6,"column":null}},"4":{"start":{"line":8,"column":28},"end":{"line":8,"column":91}},"5":{"start":{"line":8,"column":61},"end":{"line":8,"column":90}},"6":{"start":{"line":10,"column":26},"end":{"line":10,"column":28}},"7":{"start":{"line":12,"column":2},"end":{"line":12,"column":null}},"8":{"start":{"line":13,"column":2},"end":{"line":13,"column":null}},"9":{"start":{"line":14,"column":2},"end":{"line":14,"column":null}},"10":{"start":{"line":15,"column":2},"end":{"line":15,"column":null}},"11":{"start":{"line":16,"column":2},"end":{"line":16,"column":null}},"12":{"start":{"line":17,"column":2},"end":{"line":19,"column":null}},"13":{"start":{"line":20,"column":2},"end":{"line":20,"column":null}},"14":{"start":{"line":21,"column":2},"end":{"line":21,"column":null}},"15":{"start":{"line":23,"column":2},"end":{"line":55,"column":null}},"16":{"start":{"line":24,"column":28},"end":{"line":24,"column":82}},"17":{"start":{"line":24,"column":55},"end":{"line":24,"column":82}},"18":{"start":{"line":26,"column":4},"end":{"line":26,"column":null}},"19":{"start":{"line":27,"column":4},"end":{"line":27,"column":null}},"20":{"start":{"line":28,"column":4},"end":{"line":28,"column":null}},"21":{"start":{"line":30,"column":4},"end":{"line":38,"column":null}},"22":{"start":{"line":31,"column":19},"end":{"line":31,"column":null}},"23":{"start":{"line":32,"column":6},"end":{"line":33,"column":null}},"24":{"start":{"line":33,"column":8},"end":{"line":33,"column":null}},"25":{"start":{"line":35,"column":6},"end":{"line":36,"column":null}},"26":{"start":{"line":36,"column":8},"end":{"line":36,"column":null}},"27":{"start":{"line":38,"column":6},"end":{"line":38,"column":null}},"28":{"start":{"line":41,"column":4},"end":{"line":41,"column":null}},"29":{"start":{"line":42,"column":24},"end":{"line":45,"column":17}},"30":{"start":{"line":44,"column":21},"end":{"line":44,"column":33}},"31":{"start":{"line":46,"column":4},"end":{"line":46,"column":null}},"32":{"start":{"line":47,"column":4},"end":{"line":47,"column":null}},"33":{"start":{"line":49,"column":4},"end":{"line":52,"column":null}},"34":{"start":{"line":50,"column":6},"end":{"line":50,"column":null}},"35":{"start":{"line":51,"column":6},"end":{"line":51,"column":null}},"36":{"start":{"line":52,"column":6},"end":{"line":52,"column":null}},"37":{"start":{"line":55,"column":4},"end":{"line":55,"column":null}},"38":{"start":{"line":58,"column":2},"end":{"line":58,"column":null}}},"fnMap":{"0":{"name":"formatReview","decl":{"start":{"line":3,"column":16},"end":{"line":3,"column":29}},"loc":{"start":{"line":3,"column":56},"end":{"line":58,"column":null}},"line":3},"1":{"name":"(anonymous_1)","decl":{"start":{"line":4,"column":51},"end":{"line":4,"column":56}},"loc":{"start":{"line":4,"column":62},"end":{"line":4,"column":74}},"line":4},"2":{"name":"(anonymous_2)","decl":{"start":{"line":5,"column":42},"end":{"line":5,"column":50}},"loc":{"start":{"line":6,"column":4},"end":{"line":6,"column":null}},"line":6},"3":{"name":"(anonymous_3)","decl":{"start":{"line":8,"column":47},"end":{"line":8,"column":55}},"loc":{"start":{"line":8,"column":61},"end":{"line":8,"column":90}},"line":8},"4":{"name":"(anonymous_4)","decl":{"start":{"line":24,"column":41},"end":{"line":24,"column":49}},"loc":{"start":{"line":24,"column":55},"end":{"line":24,"column":82}},"line":24},"5":{"name":"(anonymous_5)","decl":{"start":{"line":44,"column":7},"end":{"line":44,"column":12}},"loc":{"start":{"line":44,"column":21},"end":{"line":44,"column":33}},"line":44}},"branchMap":{"0":{"loc":{"start":{"line":6,"column":4},"end":{"line":6,"column":null}},"type":"cond-expr","locations":[{"start":{"line":6,"column":26},"end":{"line":6,"column":42}},{"start":{"line":6,"column":42},"end":{"line":6,"column":null}}],"line":6},"1":{"loc":{"start":{"line":30,"column":4},"end":{"line":38,"column":null}},"type":"if","locations":[{"start":{"line":30,"column":4},"end":{"line":38,"column":null}},{"start":{},"end":{}}],"line":30},"2":{"loc":{"start":{"line":30,"column":8},"end":{"line":30,"column":53}},"type":"binary-expr","locations":[{"start":{"line":30,"column":8},"end":{"line":30,"column":31}},{"start":{"line":30,"column":31},"end":{"line":30,"column":53}}],"line":30},"3":{"loc":{"start":{"line":32,"column":6},"end":{"line":33,"column":null}},"type":"if","locations":[{"start":{"line":32,"column":6},"end":{"line":33,"column":null}},{"start":{},"end":{}}],"line":32},"4":{"loc":{"start":{"line":35,"column":6},"end":{"line":36,"column":null}},"type":"if","locations":[{"start":{"line":35,"column":6},"end":{"line":36,"column":null}},{"start":{},"end":{}}],"line":35}},"s":{"0":9,"1":9,"2":9,"3":18,"4":9,"5":18,"6":9,"7":9,"8":9,"9":9,"10":9,"11":9,"12":9,"13":9,"14":9,"15":9,"16":9,"17":11,"18":9,"19":9,"20":9,"21":9,"22":8,"23":8,"24":2,"25":8,"26":6,"27":8,"28":9,"29":9,"30":9,"31":9,"32":9,"33":9,"34":9,"35":9,"36":9,"37":9,"38":9},"f":{"0":9,"1":9,"2":18,"3":18,"4":11,"5":9},"b":{"0":[16,2],"1":[8,1],"2":[9,8],"3":[2,6],"4":[6,2]},"meta":{"lastBranch":5,"lastFunction":6,"lastStatement":39,"seen":{"f:3:16:3:29":0,"s:4:30:4:75":0,"f:4:51:4:56":1,"s:4:62:4:74":1,"s:5:29:6:Infinity":2,"f:5:42:5:50":2,"s:6:4:6:Infinity":3,"b:6:26:6:42:6:42:6:Infinity":0,"s:8:28:8:91":4,"f:8:47:8:55":3,"s:8:61:8:90":5,"s:10:26:10:28":6,"s:12:2:12:Infinity":7,"s:13:2:13:Infinity":8,"s:14:2:14:Infinity":9,"s:15:2:15:Infinity":10,"s:16:2:16:Infinity":11,"s:17:2:19:Infinity":12,"s:20:2:20:Infinity":13,"s:21:2:21:Infinity":14,"s:23:2:55:Infinity":15,"s:24:28:24:82":16,"f:24:41:24:49":4,"s:24:55:24:82":17,"s:26:4:26:Infinity":18,"s:27:4:27:Infinity":19,"s:28:4:28:Infinity":20,"b:30:4:38:Infinity:undefined:undefined:undefined:undefined":1,"s:30:4:38:Infinity":21,"b:30:8:30:31:30:31:30:53":2,"s:31:19:31:Infinity":22,"b:32:6:33:Infinity:undefined:undefined:undefined:undefined":3,"s:32:6:33:Infinity":23,"s:33:8:33:Infinity":24,"b:35:6:36:Infinity:undefined:undefined:undefined:undefined":4,"s:35:6:36:Infinity":25,"s:36:8:36:Infinity":26,"s:38:6:38:Infinity":27,"s:41:4:41:Infinity":28,"s:42:24:45:17":29,"f:44:7:44:12":5,"s:44:21:44:33":30,"s:46:4:46:Infinity":31,"s:47:4:47:Infinity":32,"s:49:4:52:Infinity":33,"s:50:6:50:Infinity":34,"s:51:6:51:Infinity":35,"s:52:6:52:Infinity":36,"s:55:4:55:Infinity":37,"s:58:2:58:Infinity":38}}}
,"/Users/alvarocarvalho/desenv/personal/plan-review/src/navigator.ts": {"path":"/Users/alvarocarvalho/desenv/personal/plan-review/src/navigator.ts","statementMap":{"0":{"start":{"line":9,"column":19},"end":{"line":11,"column":null}},"1":{"start":{"line":13,"column":13},"end":{"line":16,"column":4}},"2":{"start":{"line":18,"column":8},"end":{"line":21,"column":null}},"3":{"start":{"line":19,"column":4},"end":{"line":21,"column":null}},"4":{"start":{"line":20,"column":6},"end":{"line":20,"column":null}},"5":{"start":{"line":20,"column":38},"end":{"line":20,"column":60}},"6":{"start":{"line":23,"column":29},"end":{"line":23,"column":55}},"7":{"start":{"line":25,"column":16},"end":{"line":25,"column":null}},"8":{"start":{"line":27,"column":2},"end":{"line":43,"column":null}},"9":{"start":{"line":28,"column":4},"end":{"line":28,"column":null}},"10":{"start":{"line":29,"column":18},"end":{"line":30,"column":null}},"11":{"start":{"line":33,"column":4},"end":{"line":43,"column":null}},"12":{"start":{"line":34,"column":6},"end":{"line":34,"column":null}},"13":{"start":{"line":35,"column":15},"end":{"line":43,"column":null}},"14":{"start":{"line":36,"column":6},"end":{"line":36,"column":null}},"15":{"start":{"line":38,"column":22},"end":{"line":38,"column":45}},"16":{"start":{"line":39,"column":6},"end":{"line":43,"column":null}},"17":{"start":{"line":40,"column":25},"end":{"line":40,"column":60}},"18":{"start":{"line":41,"column":8},"end":{"line":41,"column":null}},"19":{"start":{"line":43,"column":8},"end":{"line":43,"column":null}},"20":{"start":{"line":48,"column":2},"end":{"line":48,"column":null}},"21":{"start":{"line":49,"column":2},"end":{"line":49,"column":null}},"22":{"start":{"line":50,"column":2},"end":{"line":50,"column":null}},"23":{"start":{"line":58,"column":2},"end":{"line":76,"column":null}},"24":{"start":{"line":58,"column":15},"end":{"line":58,"column":18}},"25":{"start":{"line":59,"column":20},"end":{"line":59,"column":null}},"26":{"start":{"line":60,"column":4},"end":{"line":60,"column":null}},"27":{"start":{"line":62,"column":18},"end":{"line":63,"column":null}},"28":{"start":{"line":66,"column":4},"end":{"line":76,"column":null}},"29":{"start":{"line":67,"column":6},"end":{"line":67,"column":null}},"30":{"start":{"line":68,"column":15},"end":{"line":76,"column":null}},"31":{"start":{"line":69,"column":6},"end":{"line":69,"column":null}},"32":{"start":{"line":70,"column":6},"end":{"line":70,"column":null}},"33":{"start":{"line":71,"column":15},"end":{"line":76,"column":null}},"34":{"start":{"line":72,"column":6},"end":{"line":76,"column":null}},"35":{"start":{"line":83,"column":15},"end":{"line":83,"column":55}},"36":{"start":{"line":83,"column":40},"end":{"line":83,"column":55}},"37":{"start":{"line":84,"column":2},"end":{"line":84,"column":null}},"38":{"start":{"line":84,"column":12},"end":{"line":84,"column":null}},"39":{"start":{"line":87,"column":14},"end":{"line":87,"column":33}},"40":{"start":{"line":88,"column":2},"end":{"line":91,"column":null}},"41":{"start":{"line":89,"column":23},"end":{"line":89,"column":49}},"42":{"start":{"line":90,"column":4},"end":{"line":91,"column":null}},"43":{"start":{"line":91,"column":6},"end":{"line":91,"column":null}},"44":{"start":{"line":95,"column":2},"end":{"line":95,"column":null}},"45":{"start":{"line":99,"column":2},"end":{"line":101,"column":null}},"46":{"start":{"line":100,"column":4},"end":{"line":100,"column":null}},"47":{"start":{"line":105,"column":21},"end":{"line":105,"column":47}},"48":{"start":{"line":106,"column":23},"end":{"line":106,"column":68}},"49":{"start":{"line":106,"column":55},"end":{"line":106,"column":67}},"50":{"start":{"line":108,"column":2},"end":{"line":108,"column":null}},"51":{"start":{"line":109,"column":2},"end":{"line":109,"column":null}},"52":{"start":{"line":110,"column":2},"end":{"line":110,"column":null}},"53":{"start":{"line":111,"column":2},"end":{"line":111,"column":null}},"54":{"start":{"line":112,"column":2},"end":{"line":112,"column":null}},"55":{"start":{"line":113,"column":2},"end":{"line":113,"column":null}},"56":{"start":{"line":114,"column":2},"end":{"line":114,"column":null}}},"fnMap":{"0":{"name":"navigate","decl":{"start":{"line":6,"column":22},"end":{"line":6,"column":31}},"loc":{"start":{"line":6,"column":106},"end":{"line":50,"column":null}},"line":6},"1":{"name":"(anonymous_1)","decl":{"start":{"line":18,"column":8},"end":{"line":18,"column":15}},"loc":{"start":{"line":19,"column":4},"end":{"line":21,"column":null}},"line":19},"2":{"name":"(anonymous_2)","decl":{"start":{"line":19,"column":8},"end":{"line":19,"column":17}},"loc":{"start":{"line":19,"column":29},"end":{"line":21,"column":null}},"line":19},"3":{"name":"(anonymous_3)","decl":{"start":{"line":20,"column":18},"end":{"line":20,"column":27}},"loc":{"start":{"line":20,"column":38},"end":{"line":20,"column":60}},"line":20},"4":{"name":"linearReview","decl":{"start":{"line":53,"column":15},"end":{"line":53,"column":null}},"loc":{"start":{"line":57,"column":17},"end":{"line":76,"column":null}},"line":57},"5":{"name":"findSection","decl":{"start":{"line":81,"column":16},"end":{"line":81,"column":28}},"loc":{"start":{"line":81,"column":83},"end":{"line":95,"column":null}},"line":81},"6":{"name":"(anonymous_6)","decl":{"start":{"line":83,"column":28},"end":{"line":83,"column":34}},"loc":{"start":{"line":83,"column":40},"end":{"line":83,"column":55}},"line":83},"7":{"name":"getReviewableSections","decl":{"start":{"line":98,"column":16},"end":{"line":98,"column":38}},"loc":{"start":{"line":98,"column":68},"end":{"line":101,"column":null}},"line":98},"8":{"name":"(anonymous_8)","decl":{"start":{"line":99,"column":22},"end":{"line":99,"column":30}},"loc":{"start":{"line":100,"column":4},"end":{"line":100,"column":null}},"line":100},"9":{"name":"printSummary","decl":{"start":{"line":104,"column":16},"end":{"line":104,"column":29}},"loc":{"start":{"line":104,"column":54},"end":{"line":114,"column":null}},"line":104},"10":{"name":"(anonymous_10)","decl":{"start":{"line":106,"column":44},"end":{"line":106,"column":49}},"loc":{"start":{"line":106,"column":55},"end":{"line":106,"column":67}},"line":106}},"branchMap":{"0":{"loc":{"start":{"line":6,"column":50},"end":{"line":6,"column":106}},"type":"default-arg","locations":[{"start":{"line":6,"column":76},"end":{"line":6,"column":106}}],"line":6},"1":{"loc":{"start":{"line":9,"column":19},"end":{"line":11,"column":null}},"type":"cond-expr","locations":[{"start":{"line":9,"column":19},"end":{"line":10,"column":60}},{"start":{"line":11,"column":6},"end":{"line":11,"column":null}}],"line":9},"2":{"loc":{"start":{"line":33,"column":4},"end":{"line":43,"column":null}},"type":"if","locations":[{"start":{"line":33,"column":4},"end":{"line":43,"column":null}},{"start":{"line":35,"column":15},"end":{"line":43,"column":null}}],"line":33},"3":{"loc":{"start":{"line":33,"column":8},"end":{"line":33,"column":43}},"type":"binary-expr","locations":[{"start":{"line":33,"column":8},"end":{"line":33,"column":28}},{"start":{"line":33,"column":28},"end":{"line":33,"column":43}}],"line":33},"4":{"loc":{"start":{"line":35,"column":15},"end":{"line":43,"column":null}},"type":"if","locations":[{"start":{"line":35,"column":15},"end":{"line":43,"column":null}},{"start":{"line":37,"column":11},"end":{"line":43,"column":null}}],"line":35},"5":{"loc":{"start":{"line":39,"column":6},"end":{"line":43,"column":null}},"type":"if","locations":[{"start":{"line":39,"column":6},"end":{"line":43,"column":null}},{"start":{"line":42,"column":13},"end":{"line":43,"column":null}}],"line":39},"6":{"loc":{"start":{"line":66,"column":4},"end":{"line":76,"column":null}},"type":"if","locations":[{"start":{"line":66,"column":4},"end":{"line":76,"column":null}},{"start":{"line":68,"column":15},"end":{"line":76,"column":null}}],"line":66},"7":{"loc":{"start":{"line":68,"column":15},"end":{"line":76,"column":null}},"type":"if","locations":[{"start":{"line":68,"column":15},"end":{"line":76,"column":null}},{"start":{"line":71,"column":15},"end":{"line":76,"column":null}}],"line":68},"8":{"loc":{"start":{"line":69,"column":12},"end":{"line":69,"column":null}},"type":"cond-expr","locations":[{"start":{"line":69,"column":21},"end":{"line":69,"column":25}},{"start":{"line":69,"column":25},"end":{"line":69,"column":null}}],"line":69},"9":{"loc":{"start":{"line":71,"column":15},"end":{"line":76,"column":null}},"type":"if","locations":[{"start":{"line":71,"column":15},"end":{"line":76,"column":null}},{"start":{},"end":{}}],"line":71},"10":{"loc":{"start":{"line":84,"column":2},"end":{"line":84,"column":null}},"type":"if","locations":[{"start":{"line":84,"column":2},"end":{"line":84,"column":null}},{"start":{},"end":{}}],"line":84},"11":{"loc":{"start":{"line":88,"column":2},"end":{"line":91,"column":null}},"type":"if","locations":[{"start":{"line":88,"column":2},"end":{"line":91,"column":null}},{"start":{},"end":{}}],"line":88},"12":{"loc":{"start":{"line":90,"column":4},"end":{"line":91,"column":null}},"type":"if","locations":[{"start":{"line":90,"column":4},"end":{"line":91,"column":null}},{"start":{},"end":{}}],"line":90},"13":{"loc":{"start":{"line":90,"column":8},"end":{"line":90,"column":46}},"type":"binary-expr","locations":[{"start":{"line":90,"column":8},"end":{"line":90,"column":20}},{"start":{"line":90,"column":20},"end":{"line":90,"column":46}}],"line":90},"14":{"loc":{"start":{"line":100,"column":4},"end":{"line":100,"column":null}},"type":"cond-expr","locations":[{"start":{"line":100,"column":26},"end":{"line":100,"column":42}},{"start":{"line":100,"column":42},"end":{"line":100,"column":null}}],"line":100}},"s":{"0":10,"1":10,"2":10,"3":30,"4":30,"5":30,"6":10,"7":10,"8":10,"9":17,"10":17,"11":17,"12":10,"13":7,"14":5,"15":2,"16":2,"17":1,"18":1,"19":1,"20":10,"21":10,"22":10,"23":6,"24":6,"25":13,"26":13,"27":13,"28":13,"29":1,"30":12,"31":2,"32":2,"33":10,"34":4,"35":7,"36":20,"37":7,"38":2,"39":5,"40":5,"41":3,"42":3,"43":1,"44":4,"45":27,"46":81,"47":12,"48":12,"49":5,"50":12,"51":12,"52":12,"53":12,"54":12,"55":12,"56":12},"f":{"0":10,"1":30,"2":30,"3":30,"4":6,"5":7,"6":20,"7":27,"8":81,"9":12,"10":5},"b":{"0":[10],"1":[1,9],"2":[10,7],"3":[17,8],"4":[5,2],"5":[1,1],"6":[1,12],"7":[2,10],"8":[1,1],"9":[4,6],"10":[2,5],"11":[3,2],"12":[1,2],"13":[3,2],"14":[75,6]},"meta":{"lastBranch":15,"lastFunction":11,"lastStatement":57,"seen":{"f:6:22:6:31":0,"b:6:76:6:106":0,"s:9:19:11:Infinity":0,"b:9:19:10:60:11:6:11:Infinity":1,"s:13:13:16:4":1,"s:18:8:21:Infinity":2,"f:18:8:18:15":1,"s:19:4:21:Infinity":3,"f:19:8:19:17":2,"s:20:6:20:Infinity":4,"f:20:18:20:27":3,"s:20:38:20:60":5,"s:23:29:23:55":6,"s:25:16:25:Infinity":7,"s:27:2:43:Infinity":8,"s:28:4:28:Infinity":9,"s:29:18:30:Infinity":10,"b:33:4:43:Infinity:35:15:43:Infinity":2,"s:33:4:43:Infinity":11,"b:33:8:33:28:33:28:33:43":3,"s:34:6:34:Infinity":12,"b:35:15:43:Infinity:37:11:43:Infinity":4,"s:35:15:43:Infinity":13,"s:36:6:36:Infinity":14,"s:38:22:38:45":15,"b:39:6:43:Infinity:42:13:43:Infinity":5,"s:39:6:43:Infinity":16,"s:40:25:40:60":17,"s:41:8:41:Infinity":18,"s:43:8:43:Infinity":19,"s:48:2:48:Infinity":20,"s:49:2:49:Infinity":21,"s:50:2:50:Infinity":22,"f:53:15:53:Infinity":4,"s:58:2:76:Infinity":23,"s:58:15:58:18":24,"s:59:20:59:Infinity":25,"s:60:4:60:Infinity":26,"s:62:18:63:Infinity":27,"b:66:4:76:Infinity:68:15:76:Infinity":6,"s:66:4:76:Infinity":28,"s:67:6:67:Infinity":29,"b:68:15:76:Infinity:71:15:76:Infinity":7,"s:68:15:76:Infinity":30,"s:69:6:69:Infinity":31,"b:69:21:69:25:69:25:69:Infinity":8,"s:70:6:70:Infinity":32,"b:71:15:76:Infinity:undefined:undefined:undefined:undefined":9,"s:71:15:76:Infinity":33,"s:72:6:76:Infinity":34,"f:81:16:81:28":5,"s:83:15:83:55":35,"f:83:28:83:34":6,"s:83:40:83:55":36,"b:84:2:84:Infinity:undefined:undefined:undefined:undefined":10,"s:84:2:84:Infinity":37,"s:84:12:84:Infinity":38,"s:87:14:87:33":39,"b:88:2:91:Infinity:undefined:undefined:undefined:undefined":11,"s:88:2:91:Infinity":40,"s:89:23:89:49":41,"b:90:4:91:Infinity:undefined:undefined:undefined:undefined":12,"s:90:4:91:Infinity":42,"b:90:8:90:20:90:20:90:46":13,"s:91:6:91:Infinity":43,"s:95:2:95:Infinity":44,"f:98:16:98:38":7,"s:99:2:101:Infinity":45,"f:99:22:99:30":8,"s:100:4:100:Infinity":46,"b:100:26:100:42:100:42:100:Infinity":14,"f:104:16:104:29":9,"s:105:21:105:47":47,"s:106:23:106:68":48,"f:106:44:106:49":10,"s:106:55:106:67":49,"s:108:2:108:Infinity":50,"s:109:2:109:Infinity":51,"s:110:2:110:Infinity":52,"s:111:2:111:Infinity":53,"s:112:2:112:Infinity":54,"s:113:2:113:Infinity":55,"s:114:2:114:Infinity":56}}}
,"/Users/alvarocarvalho/desenv/personal/plan-review/src/output.ts": {"path":"/Users/alvarocarvalho/desenv/personal/plan-review/src/output.ts","statementMap":{"0":{"start":{"line":12,"column":2},"end":{"line":24,"column":null}},"1":{"start":{"line":14,"column":6},"end":{"line":14,"column":null}},"2":{"start":{"line":15,"column":6},"end":{"line":15,"column":null}},"3":{"start":{"line":17,"column":6},"end":{"line":17,"column":null}},"4":{"start":{"line":18,"column":6},"end":{"line":18,"column":null}},"5":{"start":{"line":20,"column":6},"end":{"line":20,"column":null}},"6":{"start":{"line":21,"column":6},"end":{"line":21,"column":null}},"7":{"start":{"line":23,"column":6},"end":{"line":23,"column":null}},"8":{"start":{"line":24,"column":6},"end":{"line":24,"column":null}},"9":{"start":{"line":29,"column":14},"end":{"line":29,"column":51}},"10":{"start":{"line":30,"column":2},"end":{"line":33,"column":null}},"11":{"start":{"line":31,"column":4},"end":{"line":31,"column":null}},"12":{"start":{"line":32,"column":4},"end":{"line":32,"column":null}},"13":{"start":{"line":33,"column":4},"end":{"line":33,"column":null}},"14":{"start":{"line":36,"column":2},"end":{"line":41,"column":null}},"15":{"start":{"line":37,"column":4},"end":{"line":37,"column":null}},"16":{"start":{"line":38,"column":4},"end":{"line":38,"column":null}},"17":{"start":{"line":40,"column":4},"end":{"line":40,"column":null}},"18":{"start":{"line":41,"column":4},"end":{"line":41,"column":null}},"19":{"start":{"line":46,"column":19},"end":{"line":50,"column":28}},"20":{"start":{"line":52,"column":2},"end":{"line":52,"column":null}},"21":{"start":{"line":53,"column":2},"end":{"line":53,"column":null}},"22":{"start":{"line":57,"column":2},"end":{"line":64,"column":null}},"23":{"start":{"line":58,"column":4},"end":{"line":60,"column":null}},"24":{"start":{"line":61,"column":4},"end":{"line":61,"column":null}},"25":{"start":{"line":62,"column":4},"end":{"line":62,"column":null}},"26":{"start":{"line":63,"column":4},"end":{"line":63,"column":null}},"27":{"start":{"line":64,"column":4},"end":{"line":64,"column":null}},"28":{"start":{"line":67,"column":8},"end":{"line":69,"column":4}},"29":{"start":{"line":70,"column":2},"end":{"line":70,"column":null}},"30":{"start":{"line":71,"column":2},"end":{"line":71,"column":null}},"31":{"start":{"line":75,"column":2},"end":{"line":83,"column":null}},"32":{"start":{"line":77,"column":6},"end":{"line":77,"column":null}},"33":{"start":{"line":79,"column":6},"end":{"line":79,"column":null}},"34":{"start":{"line":81,"column":6},"end":{"line":81,"column":null}},"35":{"start":{"line":83,"column":6},"end":{"line":83,"column":null}},"36":{"start":{"line":88,"column":2},"end":{"line":92,"column":null}},"37":{"start":{"line":89,"column":4},"end":{"line":89,"column":null}},"38":{"start":{"line":90,"column":4},"end":{"line":90,"column":null}},"39":{"start":{"line":92,"column":4},"end":{"line":92,"column":null}}},"fnMap":{"0":{"name":"writeOutput","decl":{"start":{"line":7,"column":16},"end":{"line":7,"column":null}},"loc":{"start":{"line":11,"column":8},"end":{"line":24,"column":null}},"line":11},"1":{"name":"writeToClipboard","decl":{"start":{"line":28,"column":9},"end":{"line":28,"column":26}},"loc":{"start":{"line":28,"column":49},"end":{"line":41,"column":null}},"line":28},"2":{"name":"writeToFile","decl":{"start":{"line":45,"column":9},"end":{"line":45,"column":21}},"loc":{"start":{"line":45,"column":85},"end":{"line":53,"column":null}},"line":45},"3":{"name":"sendToClaude","decl":{"start":{"line":56,"column":9},"end":{"line":56,"column":22}},"loc":{"start":{"line":56,"column":45},"end":{"line":71,"column":null}},"line":56},"4":{"name":"getClipboardCommand","decl":{"start":{"line":74,"column":16},"end":{"line":74,"column":36}},"loc":{"start":{"line":74,"column":69},"end":{"line":83,"column":null}},"line":74},"5":{"name":"isClaudeAvailable","decl":{"start":{"line":87,"column":16},"end":{"line":87,"column":45}},"loc":{"start":{"line":87,"column":45},"end":{"line":92,"column":null}},"line":87}},"branchMap":{"0":{"loc":{"start":{"line":10,"column":2},"end":{"line":10,"column":59}},"type":"default-arg","locations":[{"start":{"line":10,"column":57},"end":{"line":10,"column":59}}],"line":10},"1":{"loc":{"start":{"line":12,"column":2},"end":{"line":24,"column":null}},"type":"switch","locations":[{"start":{"line":13,"column":4},"end":{"line":15,"column":null}},{"start":{"line":16,"column":4},"end":{"line":18,"column":null}},{"start":{"line":19,"column":4},"end":{"line":21,"column":null}},{"start":{"line":22,"column":4},"end":{"line":24,"column":null}}],"line":12},"2":{"loc":{"start":{"line":30,"column":2},"end":{"line":33,"column":null}},"type":"if","locations":[{"start":{"line":30,"column":2},"end":{"line":33,"column":null}},{"start":{},"end":{}}],"line":30},"3":{"loc":{"start":{"line":46,"column":19},"end":{"line":50,"column":28}},"type":"cond-expr","locations":[{"start":{"line":46,"column":19},"end":{"line":47,"column":25}},{"start":{"line":48,"column":6},"end":{"line":50,"column":28}}],"line":46},"4":{"loc":{"start":{"line":48,"column":6},"end":{"line":50,"column":28}},"type":"cond-expr","locations":[{"start":{"line":48,"column":6},"end":{"line":49,"column":57}},{"start":{"line":49,"column":57},"end":{"line":50,"column":28}}],"line":48},"5":{"loc":{"start":{"line":57,"column":2},"end":{"line":64,"column":null}},"type":"if","locations":[{"start":{"line":57,"column":2},"end":{"line":64,"column":null}},{"start":{},"end":{}}],"line":57},"6":{"loc":{"start":{"line":75,"column":2},"end":{"line":83,"column":null}},"type":"switch","locations":[{"start":{"line":76,"column":4},"end":{"line":77,"column":null}},{"start":{"line":78,"column":4},"end":{"line":79,"column":null}},{"start":{"line":80,"column":4},"end":{"line":81,"column":null}},{"start":{"line":82,"column":4},"end":{"line":83,"column":null}}],"line":75}},"s":{"0":9,"1":1,"2":1,"3":3,"4":3,"5":3,"6":3,"7":2,"8":2,"9":3,"10":3,"11":1,"12":1,"13":1,"14":2,"15":2,"16":2,"17":1,"18":1,"19":3,"20":3,"21":3,"22":2,"23":1,"24":1,"25":1,"26":1,"27":1,"28":1,"29":1,"30":1,"31":7,"32":3,"33":1,"34":1,"35":2,"36":4,"37":4,"38":4,"39":2},"f":{"0":9,"1":3,"2":3,"3":2,"4":7,"5":4},"b":{"0":[9],"1":[1,3,3,2],"2":[1,2],"3":[1,2],"4":[1,1],"5":[1,1],"6":[3,1,1,2]},"meta":{"lastBranch":7,"lastFunction":6,"lastStatement":40,"seen":{"f:7:16:7:Infinity":0,"b:10:57:10:59":0,"b:13:4:15:Infinity:16:4:18:Infinity:19:4:21:Infinity:22:4:24:Infinity":1,"s:12:2:24:Infinity":0,"s:14:6:14:Infinity":1,"s:15:6:15:Infinity":2,"s:17:6:17:Infinity":3,"s:18:6:18:Infinity":4,"s:20:6:20:Infinity":5,"s:21:6:21:Infinity":6,"s:23:6:23:Infinity":7,"s:24:6:24:Infinity":8,"f:28:9:28:26":1,"s:29:14:29:51":9,"b:30:2:33:Infinity:undefined:undefined:undefined:undefined":2,"s:30:2:33:Infinity":10,"s:31:4:31:Infinity":11,"s:32:4:32:Infinity":12,"s:33:4:33:Infinity":13,"s:36:2:41:Infinity":14,"s:37:4:37:Infinity":15,"s:38:4:38:Infinity":16,"s:40:4:40:Infinity":17,"s:41:4:41:Infinity":18,"f:45:9:45:21":2,"s:46:19:50:28":19,"b:46:19:47:25:48:6:50:28":3,"b:48:6:49:57:49:57:50:28":4,"s:52:2:52:Infinity":20,"s:53:2:53:Infinity":21,"f:56:9:56:22":3,"b:57:2:64:Infinity:undefined:undefined:undefined:undefined":5,"s:57:2:64:Infinity":22,"s:58:4:60:Infinity":23,"s:61:4:61:Infinity":24,"s:62:4:62:Infinity":25,"s:63:4:63:Infinity":26,"s:64:4:64:Infinity":27,"s:67:8:69:4":28,"s:70:2:70:Infinity":29,"s:71:2:71:Infinity":30,"f:74:16:74:36":4,"b:76:4:77:Infinity:78:4:79:Infinity:80:4:81:Infinity:82:4:83:Infinity":6,"s:75:2:83:Infinity":31,"s:77:6:77:Infinity":32,"s:79:6:79:Infinity":33,"s:81:6:81:Infinity":34,"s:83:6:83:Infinity":35,"f:87:16:87:45":5,"s:88:2:92:Infinity":36,"s:89:4:89:Infinity":37,"s:90:4:90:Infinity":38,"s:92:4:92:Infinity":39}}}
,"/Users/alvarocarvalho/desenv/personal/plan-review/src/parser.ts": {"path":"/Users/alvarocarvalho/desenv/personal/plan-review/src/parser.ts","statementMap":{"0":{"start":{"line":3,"column":26},"end":{"line":3,"column":null}},"1":{"start":{"line":6,"column":16},"end":{"line":6,"column":33}},"2":{"start":{"line":7,"column":16},"end":{"line":7,"column":35}},"3":{"start":{"line":8,"column":19},"end":{"line":8,"column":41}},"4":{"start":{"line":10,"column":2},"end":{"line":14,"column":null}},"5":{"start":{"line":11,"column":4},"end":{"line":12,"column":null}},"6":{"start":{"line":12,"column":6},"end":{"line":12,"column":null}},"7":{"start":{"line":14,"column":4},"end":{"line":14,"column":null}},"8":{"start":{"line":17,"column":2},"end":{"line":18,"column":null}},"9":{"start":{"line":18,"column":4},"end":{"line":18,"column":null}},"10":{"start":{"line":21,"column":2},"end":{"line":21,"column":null}},"11":{"start":{"line":25,"column":13},"end":{"line":25,"column":45}},"12":{"start":{"line":25,"column":31},"end":{"line":25,"column":44}},"13":{"start":{"line":26,"column":2},"end":{"line":26,"column":null}},"14":{"start":{"line":30,"column":39},"end":{"line":30,"column":41}},"15":{"start":{"line":31,"column":2},"end":{"line":34,"column":null}},"16":{"start":{"line":32,"column":18},"end":{"line":32,"column":61}},"17":{"start":{"line":33,"column":4},"end":{"line":34,"column":null}},"18":{"start":{"line":34,"column":6},"end":{"line":34,"column":null}},"19":{"start":{"line":37,"column":2},"end":{"line":37,"column":null}},"20":{"start":{"line":42,"column":4},"end":{"line":42,"column":47}},"21":{"start":{"line":44,"column":4},"end":{"line":47,"column":41}},"22":{"start":{"line":49,"column":2},"end":{"line":49,"column":null}},"23":{"start":{"line":57,"column":19},"end":{"line":57,"column":41}},"24":{"start":{"line":59,"column":2},"end":{"line":60,"column":null}},"25":{"start":{"line":60,"column":4},"end":{"line":60,"column":null}},"26":{"start":{"line":63,"column":2},"end":{"line":74,"column":null}},"27":{"start":{"line":67,"column":38},"end":{"line":72,"column":7}},"28":{"start":{"line":84,"column":16},"end":{"line":84,"column":33}},"29":{"start":{"line":85,"column":33},"end":{"line":85,"column":35}},"30":{"start":{"line":86,"column":23},"end":{"line":86,"column":null}},"31":{"start":{"line":87,"column":21},"end":{"line":87,"column":null}},"32":{"start":{"line":88,"column":30},"end":{"line":88,"column":32}},"33":{"start":{"line":91,"column":8},"end":{"line":91,"column":null}},"34":{"start":{"line":92,"column":8},"end":{"line":92,"column":null}},"35":{"start":{"line":93,"column":21},"end":{"line":93,"column":null}},"36":{"start":{"line":95,"column":2},"end":{"line":95,"column":null}},"37":{"start":{"line":95,"column":24},"end":{"line":95,"column":null}},"38":{"start":{"line":97,"column":23},"end":{"line":97,"column":68}},"39":{"start":{"line":99,"column":2},"end":{"line":113,"column":null}},"40":{"start":{"line":100,"column":18},"end":{"line":100,"column":42}},"41":{"start":{"line":101,"column":4},"end":{"line":113,"column":null}},"42":{"start":{"line":102,"column":6},"end":{"line":107,"column":null}},"43":{"start":{"line":103,"column":8},"end":{"line":107,"column":null}},"44":{"start":{"line":109,"column":6},"end":{"line":109,"column":null}},"45":{"start":{"line":110,"column":6},"end":{"line":110,"column":null}},"46":{"start":{"line":111,"column":6},"end":{"line":111,"column":null}},"47":{"start":{"line":112,"column":15},"end":{"line":113,"column":null}},"48":{"start":{"line":113,"column":6},"end":{"line":113,"column":null}},"49":{"start":{"line":117,"column":2},"end":{"line":122,"column":null}},"50":{"start":{"line":118,"column":4},"end":{"line":122,"column":null}},"51":{"start":{"line":125,"column":2},"end":{"line":125,"column":null}},"52":{"start":{"line":133,"column":16},"end":{"line":135,"column":null}},"53":{"start":{"line":134,"column":4},"end":{"line":134,"column":null}},"54":{"start":{"line":137,"column":2},"end":{"line":151,"column":null}},"55":{"start":{"line":138,"column":4},"end":{"line":151,"column":null}},"56":{"start":{"line":154,"column":2},"end":{"line":169,"column":null}},"57":{"start":{"line":159,"column":20},"end":{"line":159,"column":40}},"58":{"start":{"line":160,"column":24},"end":{"line":160,"column":61}},"59":{"start":{"line":161,"column":6},"end":{"line":166,"column":null}},"60":{"start":{"line":177,"column":16},"end":{"line":177,"column":33}},"61":{"start":{"line":178,"column":30},"end":{"line":178,"column":32}},"62":{"start":{"line":180,"column":23},"end":{"line":180,"column":null}},"63":{"start":{"line":181,"column":18},"end":{"line":181,"column":null}},"64":{"start":{"line":182,"column":27},"end":{"line":182,"column":null}},"65":{"start":{"line":183,"column":23},"end":{"line":183,"column":null}},"66":{"start":{"line":184,"column":21},"end":{"line":184,"column":null}},"67":{"start":{"line":185,"column":30},"end":{"line":185,"column":32}},"68":{"start":{"line":188,"column":4},"end":{"line":188,"column":null}},"69":{"start":{"line":188,"column":25},"end":{"line":188,"column":null}},"70":{"start":{"line":190,"column":17},"end":{"line":190,"column":46}},"71":{"start":{"line":192,"column":4},"end":{"line":202,"column":null}},"72":{"start":{"line":193,"column":6},"end":{"line":193,"column":null}},"73":{"start":{"line":194,"column":6},"end":{"line":194,"column":null}},"74":{"start":{"line":195,"column":6},"end":{"line":195,"column":null}},"75":{"start":{"line":196,"column":6},"end":{"line":201,"column":null}},"76":{"start":{"line":202,"column":6},"end":{"line":202,"column":null}},"77":{"start":{"line":205,"column":4},"end":{"line":205,"column":null}},"78":{"start":{"line":206,"column":15},"end":{"line":206,"column":null}},"79":{"start":{"line":207,"column":4},"end":{"line":216,"column":null}},"80":{"start":{"line":219,"column":2},"end":{"line":234,"column":null}},"81":{"start":{"line":220,"column":20},"end":{"line":220,"column":42}},"82":{"start":{"line":221,"column":20},"end":{"line":221,"column":43}},"83":{"start":{"line":223,"column":4},"end":{"line":234,"column":null}},"84":{"start":{"line":224,"column":6},"end":{"line":224,"column":null}},"85":{"start":{"line":225,"column":6},"end":{"line":225,"column":null}},"86":{"start":{"line":226,"column":6},"end":{"line":226,"column":null}},"87":{"start":{"line":227,"column":6},"end":{"line":227,"column":null}},"88":{"start":{"line":228,"column":15},"end":{"line":234,"column":null}},"89":{"start":{"line":229,"column":6},"end":{"line":229,"column":null}},"90":{"start":{"line":230,"column":6},"end":{"line":230,"column":null}},"91":{"start":{"line":231,"column":6},"end":{"line":231,"column":null}},"92":{"start":{"line":232,"column":6},"end":{"line":232,"column":null}},"93":{"start":{"line":234,"column":6},"end":{"line":234,"column":null}},"94":{"start":{"line":237,"column":2},"end":{"line":237,"column":null}},"95":{"start":{"line":239,"column":2},"end":{"line":245,"column":null}},"96":{"start":{"line":249,"column":23},"end":{"line":249,"column":63}},"97":{"start":{"line":250,"column":22},"end":{"line":250,"column":58}},"98":{"start":{"line":252,"column":8},"end":{"line":255,"column":null}},"99":{"start":{"line":253,"column":20},"end":{"line":253,"column":30}},"100":{"start":{"line":254,"column":4},"end":{"line":254,"column":null}},"101":{"start":{"line":254,"column":48},"end":{"line":254,"column":null}},"102":{"start":{"line":255,"column":4},"end":{"line":255,"column":null}},"103":{"start":{"line":255,"column":44},"end":{"line":255,"column":52}},"104":{"start":{"line":258,"column":2},"end":{"line":261,"column":null}},"105":{"start":{"line":265,"column":26},"end":{"line":265,"column":28}},"106":{"start":{"line":266,"column":16},"end":{"line":266,"column":32}},"107":{"start":{"line":267,"column":23},"end":{"line":267,"column":null}},"108":{"start":{"line":269,"column":2},"end":{"line":280,"column":null}},"109":{"start":{"line":270,"column":4},"end":{"line":272,"column":null}},"110":{"start":{"line":271,"column":6},"end":{"line":271,"column":null}},"111":{"start":{"line":272,"column":6},"end":{"line":272,"column":null}},"112":{"start":{"line":274,"column":4},"end":{"line":280,"column":null}},"113":{"start":{"line":275,"column":24},"end":{"line":275,"column":52}},"114":{"start":{"line":276,"column":6},"end":{"line":280,"column":null}},"115":{"start":{"line":277,"column":23},"end":{"line":277,"column":42}},"116":{"start":{"line":278,"column":8},"end":{"line":278,"column":null}},"117":{"start":{"line":279,"column":17},"end":{"line":280,"column":null}},"118":{"start":{"line":280,"column":8},"end":{"line":280,"column":null}},"119":{"start":{"line":285,"column":2},"end":{"line":285,"column":null}},"120":{"start":{"line":289,"column":16},"end":{"line":289,"column":61}},"121":{"start":{"line":290,"column":2},"end":{"line":290,"column":null}}},"fnMap":{"0":{"name":"parse","decl":{"start":{"line":5,"column":16},"end":{"line":5,"column":22}},"loc":{"start":{"line":5,"column":85},"end":{"line":21,"column":null}},"line":5},"1":{"name":"extractTitle","decl":{"start":{"line":24,"column":9},"end":{"line":24,"column":22}},"loc":{"start":{"line":24,"column":47},"end":{"line":26,"column":null}},"line":24},"2":{"name":"(anonymous_2)","decl":{"start":{"line":25,"column":19},"end":{"line":25,"column":25}},"loc":{"start":{"line":25,"column":31},"end":{"line":25,"column":44}},"line":25},"3":{"name":"extractMetadata","decl":{"start":{"line":29,"column":9},"end":{"line":29,"column":25}},"loc":{"start":{"line":29,"column":66},"end":{"line":37,"column":null}},"line":29},"4":{"name":"isPlanDocument","decl":{"start":{"line":40,"column":16},"end":{"line":40,"column":31}},"loc":{"start":{"line":40,"column":55},"end":{"line":49,"column":null}},"line":40},"5":{"name":"parseGeneric","decl":{"start":{"line":52,"column":9},"end":{"line":52,"column":null}},"loc":{"start":{"line":56,"column":16},"end":{"line":74,"column":null}},"line":56},"6":{"name":"(anonymous_6)","decl":{"start":{"line":67,"column":23},"end":{"line":67,"column":28}},"loc":{"start":{"line":67,"column":38},"end":{"line":72,"column":7}},"line":67},"7":{"name":"splitByHeadings","decl":{"start":{"line":83,"column":9},"end":{"line":83,"column":25}},"loc":{"start":{"line":83,"column":54},"end":{"line":125,"column":null}},"line":83},"8":{"name":"parseBySeparator","decl":{"start":{"line":128,"column":9},"end":{"line":128,"column":null}},"loc":{"start":{"line":132,"column":16},"end":{"line":169,"column":null}},"line":132},"9":{"name":"(anonymous_9)","decl":{"start":{"line":133,"column":39},"end":{"line":133,"column":47}},"loc":{"start":{"line":133,"column":53},"end":{"line":135,"column":null}},"line":133},"10":{"name":"(anonymous_10)","decl":{"start":{"line":158,"column":20},"end":{"line":158,"column":25}},"loc":{"start":{"line":158,"column":34},"end":{"line":167,"column":null}},"line":158},"11":{"name":"parsePlan","decl":{"start":{"line":172,"column":9},"end":{"line":172,"column":null}},"loc":{"start":{"line":176,"column":16},"end":{"line":245,"column":null}},"line":176},"12":{"name":"flushSection","decl":{"start":{"line":187,"column":11},"end":{"line":187,"column":26}},"loc":{"start":{"line":187,"column":26},"end":{"line":216,"column":null}},"line":187},"13":{"name":"extractDependencies","decl":{"start":{"line":248,"column":9},"end":{"line":248,"column":29}},"loc":{"start":{"line":248,"column":86},"end":{"line":261,"column":null}},"line":248},"14":{"name":"(anonymous_14)","decl":{"start":{"line":252,"column":8},"end":{"line":252,"column":21}},"loc":{"start":{"line":252,"column":47},"end":{"line":255,"column":null}},"line":252},"15":{"name":"(anonymous_15)","decl":{"start":{"line":255,"column":33},"end":{"line":255,"column":38}},"loc":{"start":{"line":255,"column":44},"end":{"line":255,"column":52}},"line":255},"16":{"name":"extractRelatedFiles","decl":{"start":{"line":264,"column":9},"end":{"line":264,"column":29}},"loc":{"start":{"line":264,"column":53},"end":{"line":285,"column":null}},"line":264},"17":{"name":"extractVerification","decl":{"start":{"line":288,"column":9},"end":{"line":288,"column":29}},"loc":{"start":{"line":288,"column":63},"end":{"line":290,"column":null}},"line":288}},"branchMap":{"0":{"loc":{"start":{"line":5,"column":37},"end":{"line":5,"column":85}},"type":"default-arg","locations":[{"start":{"line":5,"column":63},"end":{"line":5,"column":85}}],"line":5},"1":{"loc":{"start":{"line":10,"column":2},"end":{"line":14,"column":null}},"type":"if","locations":[{"start":{"line":10,"column":2},"end":{"line":14,"column":null}},{"start":{},"end":{}}],"line":10},"2":{"loc":{"start":{"line":11,"column":4},"end":{"line":12,"column":null}},"type":"if","locations":[{"start":{"line":11,"column":4},"end":{"line":12,"column":null}},{"start":{},"end":{}}],"line":11},"3":{"loc":{"start":{"line":17,"column":2},"end":{"line":18,"column":null}},"type":"if","locations":[{"start":{"line":17,"column":2},"end":{"line":18,"column":null}},{"start":{},"end":{}}],"line":17},"4":{"loc":{"start":{"line":26,"column":9},"end":{"line":26,"column":null}},"type":"cond-expr","locations":[{"start":{"line":26,"column":14},"end":{"line":26,"column":42}},{"start":{"line":26,"column":45},"end":{"line":26,"column":null}}],"line":26},"5":{"loc":{"start":{"line":33,"column":4},"end":{"line":34,"column":null}},"type":"if","locations":[{"start":{"line":33,"column":4},"end":{"line":34,"column":null}},{"start":{},"end":{}}],"line":33},"6":{"loc":{"start":{"line":42,"column":4},"end":{"line":42,"column":47}},"type":"binary-expr","locations":[{"start":{"line":42,"column":4},"end":{"line":42,"column":23}},{"start":{"line":42,"column":27},"end":{"line":42,"column":47}}],"line":42},"7":{"loc":{"start":{"line":44,"column":4},"end":{"line":47,"column":41}},"type":"binary-expr","locations":[{"start":{"line":44,"column":4},"end":{"line":44,"column":38}},{"start":{"line":45,"column":4},"end":{"line":45,"column":34}},{"start":{"line":46,"column":4},"end":{"line":46,"column":40}},{"start":{"line":47,"column":4},"end":{"line":47,"column":41}}],"line":44},"8":{"loc":{"start":{"line":49,"column":9},"end":{"line":49,"column":null}},"type":"binary-expr","locations":[{"start":{"line":49,"column":9},"end":{"line":49,"column":29}},{"start":{"line":49,"column":29},"end":{"line":49,"column":null}}],"line":49},"9":{"loc":{"start":{"line":59,"column":2},"end":{"line":60,"column":null}},"type":"if","locations":[{"start":{"line":59,"column":2},"end":{"line":60,"column":null}},{"start":{},"end":{}}],"line":59},"10":{"loc":{"start":{"line":91,"column":19},"end":{"line":91,"column":46}},"type":"binary-expr","locations":[{"start":{"line":91,"column":19},"end":{"line":91,"column":40}},{"start":{"line":91,"column":44},"end":{"line":91,"column":46}}],"line":91},"11":{"loc":{"start":{"line":92,"column":19},"end":{"line":92,"column":47}},"type":"binary-expr","locations":[{"start":{"line":92,"column":19},"end":{"line":92,"column":41}},{"start":{"line":92,"column":45},"end":{"line":92,"column":47}}],"line":92},"12":{"loc":{"start":{"line":93,"column":21},"end":{"line":93,"column":null}},"type":"cond-expr","locations":[{"start":{"line":93,"column":35},"end":{"line":93,"column":39}},{"start":{"line":93,"column":39},"end":{"line":93,"column":null}}],"line":93},"13":{"loc":{"start":{"line":93,"column":39},"end":{"line":93,"column":null}},"type":"cond-expr","locations":[{"start":{"line":93,"column":53},"end":{"line":93,"column":57}},{"start":{"line":93,"column":57},"end":{"line":93,"column":null}}],"line":93},"14":{"loc":{"start":{"line":95,"column":2},"end":{"line":95,"column":null}},"type":"if","locations":[{"start":{"line":95,"column":2},"end":{"line":95,"column":null}},{"start":{},"end":{}}],"line":95},"15":{"loc":{"start":{"line":101,"column":4},"end":{"line":113,"column":null}},"type":"if","locations":[{"start":{"line":101,"column":4},"end":{"line":113,"column":null}},{"start":{"line":112,"column":15},"end":{"line":113,"column":null}}],"line":101},"16":{"loc":{"start":{"line":102,"column":6},"end":{"line":107,"column":null}},"type":"if","locations":[{"start":{"line":102,"column":6},"end":{"line":107,"column":null}},{"start":{},"end":{}}],"line":102},"17":{"loc":{"start":{"line":112,"column":15},"end":{"line":113,"column":null}},"type":"if","locations":[{"start":{"line":112,"column":15},"end":{"line":113,"column":null}},{"start":{},"end":{}}],"line":112},"18":{"loc":{"start":{"line":117,"column":2},"end":{"line":122,"column":null}},"type":"if","locations":[{"start":{"line":117,"column":2},"end":{"line":122,"column":null}},{"start":{},"end":{}}],"line":117},"19":{"loc":{"start":{"line":137,"column":2},"end":{"line":151,"column":null}},"type":"if","locations":[{"start":{"line":137,"column":2},"end":{"line":151,"column":null}},{"start":{},"end":{}}],"line":137},"20":{"loc":{"start":{"line":163,"column":17},"end":{"line":163,"column":null}},"type":"binary-expr","locations":[{"start":{"line":163,"column":17},"end":{"line":163,"column":30}},{"start":{"line":163,"column":30},"end":{"line":163,"column":null}}],"line":163},"21":{"loc":{"start":{"line":188,"column":4},"end":{"line":188,"column":null}},"type":"if","locations":[{"start":{"line":188,"column":4},"end":{"line":188,"column":null}},{"start":{},"end":{}}],"line":188},"22":{"loc":{"start":{"line":192,"column":4},"end":{"line":202,"column":null}},"type":"if","locations":[{"start":{"line":192,"column":4},"end":{"line":202,"column":null}},{"start":{},"end":{}}],"line":192},"23":{"loc":{"start":{"line":223,"column":4},"end":{"line":234,"column":null}},"type":"if","locations":[{"start":{"line":223,"column":4},"end":{"line":234,"column":null}},{"start":{"line":228,"column":15},"end":{"line":234,"column":null}}],"line":223},"24":{"loc":{"start":{"line":228,"column":15},"end":{"line":234,"column":null}},"type":"if","locations":[{"start":{"line":228,"column":15},"end":{"line":234,"column":null}},{"start":{"line":233,"column":11},"end":{"line":234,"column":null}}],"line":228},"25":{"loc":{"start":{"line":254,"column":4},"end":{"line":254,"column":null}},"type":"if","locations":[{"start":{"line":254,"column":4},"end":{"line":254,"column":null}},{"start":{},"end":{}}],"line":254},"26":{"loc":{"start":{"line":254,"column":8},"end":{"line":254,"column":48}},"type":"binary-expr","locations":[{"start":{"line":254,"column":8},"end":{"line":254,"column":32}},{"start":{"line":254,"column":32},"end":{"line":254,"column":48}}],"line":254},"27":{"loc":{"start":{"line":259,"column":15},"end":{"line":259,"column":61}},"type":"cond-expr","locations":[{"start":{"line":259,"column":30},"end":{"line":259,"column":56}},{"start":{"line":259,"column":59},"end":{"line":259,"column":61}}],"line":259},"28":{"loc":{"start":{"line":260,"column":12},"end":{"line":260,"column":null}},"type":"cond-expr","locations":[{"start":{"line":260,"column":26},"end":{"line":260,"column":51}},{"start":{"line":260,"column":54},"end":{"line":260,"column":null}}],"line":260},"29":{"loc":{"start":{"line":270,"column":4},"end":{"line":272,"column":null}},"type":"if","locations":[{"start":{"line":270,"column":4},"end":{"line":272,"column":null}},{"start":{},"end":{}}],"line":270},"30":{"loc":{"start":{"line":274,"column":4},"end":{"line":280,"column":null}},"type":"if","locations":[{"start":{"line":274,"column":4},"end":{"line":280,"column":null}},{"start":{},"end":{}}],"line":274},"31":{"loc":{"start":{"line":276,"column":6},"end":{"line":280,"column":null}},"type":"if","locations":[{"start":{"line":276,"column":6},"end":{"line":280,"column":null}},{"start":{"line":279,"column":17},"end":{"line":280,"column":null}}],"line":276},"32":{"loc":{"start":{"line":278,"column":19},"end":{"line":278,"column":71}},"type":"cond-expr","locations":[{"start":{"line":278,"column":28},"end":{"line":278,"column":58}},{"start":{"line":278,"column":58},"end":{"line":278,"column":71}}],"line":278},"33":{"loc":{"start":{"line":279,"column":17},"end":{"line":280,"column":null}},"type":"if","locations":[{"start":{"line":279,"column":17},"end":{"line":280,"column":null}},{"start":{},"end":{}}],"line":279},"34":{"loc":{"start":{"line":279,"column":17},"end":{"line":279,"column":64}},"type":"binary-expr","locations":[{"start":{"line":279,"column":17},"end":{"line":279,"column":39}},{"start":{"line":279,"column":39},"end":{"line":279,"column":64}}],"line":279},"35":{"loc":{"start":{"line":290,"column":9},"end":{"line":290,"column":null}},"type":"cond-expr","locations":[{"start":{"line":290,"column":17},"end":{"line":290,"column":28}},{"start":{"line":290,"column":28},"end":{"line":290,"column":null}}],"line":290}},"s":{"0":1,"1":27,"2":27,"3":27,"4":27,"5":24,"6":13,"7":11,"8":3,"9":2,"10":1,"11":27,"12":79,"13":27,"14":27,"15":27,"16":336,"17":336,"18":39,"19":27,"20":26,"21":26,"22":26,"23":12,"24":12,"25":4,"26":8,"27":17,"28":12,"29":12,"30":12,"31":12,"32":12,"33":12,"34":12,"35":12,"36":12,"37":3,"38":9,"39":9,"40":92,"41":92,"42":17,"43":9,"44":17,"45":17,"46":17,"47":75,"48":62,"49":9,"50":8,"51":9,"52":6,"53":10,"54":6,"55":3,"56":3,"57":7,"58":7,"59":7,"60":13,"61":13,"62":13,"63":13,"64":13,"65":13,"66":13,"67":13,"68":71,"69":13,"70":58,"71":58,"72":21,"73":21,"74":21,"75":21,"76":21,"77":37,"78":37,"79":37,"80":13,"81":626,"82":626,"83":626,"84":21,"85":21,"86":21,"87":21,"88":605,"89":37,"90":37,"91":37,"92":37,"93":568,"94":13,"95":13,"96":37,"97":37,"98":37,"99":66,"100":66,"101":18,"102":48,"103":64,"104":37,"105":37,"106":37,"107":37,"108":37,"109":373,"110":36,"111":36,"112":337,"113":89,"114":89,"115":53,"116":53,"117":36,"118":35,"119":37,"120":37,"121":37},"f":{"0":27,"1":27,"2":79,"3":27,"4":26,"5":12,"6":17,"7":12,"8":6,"9":10,"10":7,"11":13,"12":71,"13":37,"14":66,"15":64,"16":37,"17":37},"b":{"0":[27],"1":[24,3],"2":[13,11],"3":[2,1],"4":[19,8],"5":[39,297],"6":[26,22],"7":[26,16,16,12],"8":[26,17],"9":[4,8],"10":[12,4],"11":[12,9],"12":[8,4],"13":[1,3],"14":[3,9],"15":[17,75],"16":[9,8],"17":[62,13],"18":[8,1],"19":[3,3],"20":[7,1],"21":[13,58],"22":[21,37],"23":[21,605],"24":[37,568],"25":[18,48],"26":[66,48],"27":[33,4],"28":[33,4],"29":[36,337],"30":[89,248],"31":[53,36],"32":[24,29],"33":[35,1],"34":[36,2],"35":[36,1]},"meta":{"lastBranch":36,"lastFunction":18,"lastStatement":122,"seen":{"s:3:26:3:Infinity":0,"f:5:16:5:22":0,"b:5:63:5:85":0,"s:6:16:6:33":1,"s:7:16:7:35":2,"s:8:19:8:41":3,"b:10:2:14:Infinity:undefined:undefined:undefined:undefined":1,"s:10:2:14:Infinity":4,"b:11:4:12:Infinity:undefined:undefined:undefined:undefined":2,"s:11:4:12:Infinity":5,"s:12:6:12:Infinity":6,"s:14:4:14:Infinity":7,"b:17:2:18:Infinity:undefined:undefined:undefined:undefined":3,"s:17:2:18:Infinity":8,"s:18:4:18:Infinity":9,"s:21:2:21:Infinity":10,"f:24:9:24:22":1,"s:25:13:25:45":11,"f:25:19:25:25":2,"s:25:31:25:44":12,"s:26:2:26:Infinity":13,"b:26:14:26:42:26:45:26:Infinity":4,"f:29:9:29:25":3,"s:30:39:30:41":14,"s:31:2:34:Infinity":15,"s:32:18:32:61":16,"b:33:4:34:Infinity:undefined:undefined:undefined:undefined":5,"s:33:4:34:Infinity":17,"s:34:6:34:Infinity":18,"s:37:2:37:Infinity":19,"f:40:16:40:31":4,"s:42:4:42:47":20,"b:42:4:42:23:42:27:42:47":6,"s:44:4:47:41":21,"b:44:4:44:38:45:4:45:34:46:4:46:40:47:4:47:41":7,"s:49:2:49:Infinity":22,"b:49:9:49:29:49:29:49:Infinity":8,"f:52:9:52:Infinity":5,"s:57:19:57:41":23,"b:59:2:60:Infinity:undefined:undefined:undefined:undefined":9,"s:59:2:60:Infinity":24,"s:60:4:60:Infinity":25,"s:63:2:74:Infinity":26,"f:67:23:67:28":6,"s:67:38:72:7":27,"f:83:9:83:25":7,"s:84:16:84:33":28,"s:85:33:85:35":29,"s:86:23:86:Infinity":30,"s:87:21:87:Infinity":31,"s:88:30:88:32":32,"s:91:8:91:Infinity":33,"b:91:19:91:40:91:44:91:46":10,"s:92:8:92:Infinity":34,"b:92:19:92:41:92:45:92:47":11,"s:93:21:93:Infinity":35,"b:93:35:93:39:93:39:93:Infinity":12,"b:93:53:93:57:93:57:93:Infinity":13,"b:95:2:95:Infinity:undefined:undefined:undefined:undefined":14,"s:95:2:95:Infinity":36,"s:95:24:95:Infinity":37,"s:97:23:97:68":38,"s:99:2:113:Infinity":39,"s:100:18:100:42":40,"b:101:4:113:Infinity:112:15:113:Infinity":15,"s:101:4:113:Infinity":41,"b:102:6:107:Infinity:undefined:undefined:undefined:undefined":16,"s:102:6:107:Infinity":42,"s:103:8:107:Infinity":43,"s:109:6:109:Infinity":44,"s:110:6:110:Infinity":45,"s:111:6:111:Infinity":46,"b:112:15:113:Infinity:undefined:undefined:undefined:undefined":17,"s:112:15:113:Infinity":47,"s:113:6:113:Infinity":48,"b:117:2:122:Infinity:undefined:undefined:undefined:undefined":18,"s:117:2:122:Infinity":49,"s:118:4:122:Infinity":50,"s:125:2:125:Infinity":51,"f:128:9:128:Infinity":8,"s:133:16:135:Infinity":52,"f:133:39:133:47":9,"s:134:4:134:Infinity":53,"b:137:2:151:Infinity:undefined:undefined:undefined:undefined":19,"s:137:2:151:Infinity":54,"s:138:4:151:Infinity":55,"s:154:2:169:Infinity":56,"f:158:20:158:25":10,"s:159:20:159:40":57,"s:160:24:160:61":58,"s:161:6:166:Infinity":59,"b:163:17:163:30:163:30:163:Infinity":20,"f:172:9:172:Infinity":11,"s:177:16:177:33":60,"s:178:30:178:32":61,"s:180:23:180:Infinity":62,"s:181:18:181:Infinity":63,"s:182:27:182:Infinity":64,"s:183:23:183:Infinity":65,"s:184:21:184:Infinity":66,"s:185:30:185:32":67,"f:187:11:187:26":12,"b:188:4:188:Infinity:undefined:undefined:undefined:undefined":21,"s:188:4:188:Infinity":68,"s:188:25:188:Infinity":69,"s:190:17:190:46":70,"b:192:4:202:Infinity:undefined:undefined:undefined:undefined":22,"s:192:4:202:Infinity":71,"s:193:6:193:Infinity":72,"s:194:6:194:Infinity":73,"s:195:6:195:Infinity":74,"s:196:6:201:Infinity":75,"s:202:6:202:Infinity":76,"s:205:4:205:Infinity":77,"s:206:15:206:Infinity":78,"s:207:4:216:Infinity":79,"s:219:2:234:Infinity":80,"s:220:20:220:42":81,"s:221:20:221:43":82,"b:223:4:234:Infinity:228:15:234:Infinity":23,"s:223:4:234:Infinity":83,"s:224:6:224:Infinity":84,"s:225:6:225:Infinity":85,"s:226:6:226:Infinity":86,"s:227:6:227:Infinity":87,"b:228:15:234:Infinity:233:11:234:Infinity":24,"s:228:15:234:Infinity":88,"s:229:6:229:Infinity":89,"s:230:6:230:Infinity":90,"s:231:6:231:Infinity":91,"s:232:6:232:Infinity":92,"s:234:6:234:Infinity":93,"s:237:2:237:Infinity":94,"s:239:2:245:Infinity":95,"f:248:9:248:29":13,"s:249:23:249:63":96,"s:250:22:250:58":97,"s:252:8:255:Infinity":98,"f:252:8:252:21":14,"s:253:20:253:30":99,"b:254:4:254:Infinity:undefined:undefined:undefined:undefined":25,"s:254:4:254:Infinity":100,"b:254:8:254:32:254:32:254:48":26,"s:254:48:254:Infinity":101,"s:255:4:255:Infinity":102,"f:255:33:255:38":15,"s:255:44:255:52":103,"s:258:2:261:Infinity":104,"b:259:30:259:56:259:59:259:61":27,"b:260:26:260:51:260:54:260:Infinity":28,"f:264:9:264:29":16,"s:265:26:265:28":105,"s:266:16:266:32":106,"s:267:23:267:Infinity":107,"s:269:2:280:Infinity":108,"b:270:4:272:Infinity:undefined:undefined:undefined:undefined":29,"s:270:4:272:Infinity":109,"s:271:6:271:Infinity":110,"s:272:6:272:Infinity":111,"b:274:4:280:Infinity:undefined:undefined:undefined:undefined":30,"s:274:4:280:Infinity":112,"s:275:24:275:52":113,"b:276:6:280:Infinity:279:17:280:Infinity":31,"s:276:6:280:Infinity":114,"s:277:23:277:42":115,"s:278:8:278:Infinity":116,"b:278:28:278:58:278:58:278:71":32,"b:279:17:280:Infinity:undefined:undefined:undefined:undefined":33,"s:279:17:280:Infinity":117,"b:279:17:279:39:279:39:279:64":34,"s:280:8:280:Infinity":118,"s:285:2:285:Infinity":119,"f:288:9:288:29":17,"s:289:16:289:61":120,"s:290:2:290:Infinity":121,"b:290:17:290:28:290:28:290:Infinity":35}}}
,"/Users/alvarocarvalho/desenv/personal/plan-review/src/renderer.ts": {"path":"/Users/alvarocarvalho/desenv/personal/plan-review/src/renderer.ts","statementMap":{"0":{"start":{"line":6,"column":0},"end":{"line":6,"column":null}},"1":{"start":{"line":9,"column":26},"end":{"line":9,"column":28}},"2":{"start":{"line":11,"column":2},"end":{"line":13,"column":null}},"3":{"start":{"line":12,"column":4},"end":{"line":12,"column":null}},"4":{"start":{"line":13,"column":4},"end":{"line":13,"column":null}},"5":{"start":{"line":16,"column":18},"end":{"line":16,"column":null}},"6":{"start":{"line":17,"column":15},"end":{"line":17,"column":null}},"7":{"start":{"line":18,"column":19},"end":{"line":18,"column":null}},"8":{"start":{"line":19,"column":2},"end":{"line":19,"column":null}},"9":{"start":{"line":21,"column":2},"end":{"line":21,"column":null}},"10":{"start":{"line":25,"column":15},"end":{"line":25,"column":null}},"11":{"start":{"line":26,"column":20},"end":{"line":26,"column":null}},"12":{"start":{"line":27,"column":17},"end":{"line":27,"column":null}},"13":{"start":{"line":29,"column":26},"end":{"line":33,"column":null}},"14":{"start":{"line":35,"column":2},"end":{"line":40,"column":null}},"15":{"start":{"line":37,"column":6},"end":{"line":39,"column":null}},"16":{"start":{"line":40,"column":4},"end":{"line":40,"column":null}},"17":{"start":{"line":43,"column":2},"end":{"line":44,"column":null}},"18":{"start":{"line":44,"column":4},"end":{"line":44,"column":null}},"19":{"start":{"line":47,"column":17},"end":{"line":47,"column":56}},"20":{"start":{"line":47,"column":46},"end":{"line":47,"column":55}},"21":{"start":{"line":48,"column":16},"end":{"line":48,"column":66}},"22":{"start":{"line":49,"column":21},"end":{"line":49,"column":null}},"23":{"start":{"line":51,"column":14},"end":{"line":51,"column":54}},"24":{"start":{"line":52,"column":17},"end":{"line":52,"column":57}},"25":{"start":{"line":53,"column":18},"end":{"line":54,"column":null}},"26":{"start":{"line":54,"column":11},"end":{"line":54,"column":118}},"27":{"start":{"line":57,"column":2},"end":{"line":57,"column":null}},"28":{"start":{"line":61,"column":26},"end":{"line":61,"column":28}},"29":{"start":{"line":62,"column":23},"end":{"line":62,"column":68}},"30":{"start":{"line":62,"column":55},"end":{"line":62,"column":67}},"31":{"start":{"line":64,"column":2},"end":{"line":64,"column":null}},"32":{"start":{"line":65,"column":2},"end":{"line":65,"column":null}},"33":{"start":{"line":66,"column":2},"end":{"line":66,"column":null}},"34":{"start":{"line":68,"column":2},"end":{"line":83,"column":null}},"35":{"start":{"line":69,"column":4},"end":{"line":74,"column":null}},"36":{"start":{"line":70,"column":6},"end":{"line":74,"column":null}},"37":{"start":{"line":71,"column":8},"end":{"line":71,"column":null}},"38":{"start":{"line":72,"column":17},"end":{"line":74,"column":null}},"39":{"start":{"line":73,"column":23},"end":{"line":73,"column":null}},"40":{"start":{"line":74,"column":8},"end":{"line":74,"column":null}},"41":{"start":{"line":78,"column":23},"end":{"line":78,"column":63}},"42":{"start":{"line":78,"column":50},"end":{"line":78,"column":63}},"43":{"start":{"line":79,"column":4},"end":{"line":83,"column":null}},"44":{"start":{"line":79,"column":17},"end":{"line":79,"column":20}},"45":{"start":{"line":80,"column":22},"end":{"line":80,"column":null}},"46":{"start":{"line":81,"column":18},"end":{"line":81,"column":43}},"47":{"start":{"line":82,"column":21},"end":{"line":82,"column":null}},"48":{"start":{"line":83,"column":6},"end":{"line":83,"column":null}},"49":{"start":{"line":87,"column":25},"end":{"line":87,"column":null}},"50":{"start":{"line":88,"column":21},"end":{"line":89,"column":null}},"51":{"start":{"line":89,"column":4},"end":{"line":89,"column":null}},"52":{"start":{"line":91,"column":20},"end":{"line":91,"column":null}},"53":{"start":{"line":93,"column":2},"end":{"line":93,"column":null}},"54":{"start":{"line":94,"column":2},"end":{"line":97,"column":null}},"55":{"start":{"line":98,"column":2},"end":{"line":98,"column":null}},"56":{"start":{"line":100,"column":2},"end":{"line":100,"column":null}}},"fnMap":{"0":{"name":"renderSection","decl":{"start":{"line":8,"column":16},"end":{"line":8,"column":30}},"loc":{"start":{"line":8,"column":56},"end":{"line":21,"column":null}},"line":8},"1":{"name":"renderMetadataHeader","decl":{"start":{"line":24,"column":9},"end":{"line":24,"column":30}},"loc":{"start":{"line":24,"column":56},"end":{"line":57,"column":null}},"line":24},"2":{"name":"(anonymous_2)","decl":{"start":{"line":47,"column":35},"end":{"line":47,"column":40}},"loc":{"start":{"line":47,"column":46},"end":{"line":47,"column":55}},"line":47},"3":{"name":"(anonymous_3)","decl":{"start":{"line":53,"column":24},"end":{"line":53,"column":null}},"loc":{"start":{"line":54,"column":11},"end":{"line":54,"column":118}},"line":54},"4":{"name":"renderToc","decl":{"start":{"line":60,"column":16},"end":{"line":60,"column":26}},"loc":{"start":{"line":60,"column":53},"end":{"line":100,"column":null}},"line":60},"5":{"name":"(anonymous_5)","decl":{"start":{"line":62,"column":44},"end":{"line":62,"column":49}},"loc":{"start":{"line":62,"column":55},"end":{"line":62,"column":67}},"line":62},"6":{"name":"(anonymous_6)","decl":{"start":{"line":78,"column":36},"end":{"line":78,"column":44}},"loc":{"start":{"line":78,"column":50},"end":{"line":78,"column":63}},"line":78},"7":{"name":"(anonymous_7)","decl":{"start":{"line":88,"column":34},"end":{"line":88,"column":42}},"loc":{"start":{"line":89,"column":4},"end":{"line":89,"column":null}},"line":89}},"branchMap":{"0":{"loc":{"start":{"line":11,"column":2},"end":{"line":13,"column":null}},"type":"if","locations":[{"start":{"line":11,"column":2},"end":{"line":13,"column":null}},{"start":{},"end":{}}],"line":11},"1":{"loc":{"start":{"line":11,"column":6},"end":{"line":11,"column":51}},"type":"binary-expr","locations":[{"start":{"line":11,"column":6},"end":{"line":11,"column":29}},{"start":{"line":11,"column":29},"end":{"line":11,"column":51}}],"line":11},"2":{"loc":{"start":{"line":17,"column":15},"end":{"line":17,"column":null}},"type":"binary-expr","locations":[{"start":{"line":17,"column":15},"end":{"line":17,"column":31}},{"start":{"line":17,"column":31},"end":{"line":17,"column":null}}],"line":17},"3":{"loc":{"start":{"line":26,"column":20},"end":{"line":26,"column":null}},"type":"cond-expr","locations":[{"start":{"line":26,"column":48},"end":{"line":26,"column":73}},{"start":{"line":26,"column":76},"end":{"line":26,"column":null}}],"line":26},"4":{"loc":{"start":{"line":27,"column":17},"end":{"line":27,"column":null}},"type":"cond-expr","locations":[{"start":{"line":27,"column":42},"end":{"line":27,"column":64}},{"start":{"line":27,"column":67},"end":{"line":27,"column":null}}],"line":27},"5":{"loc":{"start":{"line":35,"column":2},"end":{"line":40,"column":null}},"type":"if","locations":[{"start":{"line":35,"column":2},"end":{"line":40,"column":null}},{"start":{},"end":{}}],"line":35},"6":{"loc":{"start":{"line":35,"column":6},"end":{"line":35,"column":63}},"type":"binary-expr","locations":[{"start":{"line":35,"column":6},"end":{"line":35,"column":30}},{"start":{"line":35,"column":30},"end":{"line":35,"column":63}}],"line":35},"7":{"loc":{"start":{"line":37,"column":6},"end":{"line":39,"column":null}},"type":"cond-expr","locations":[{"start":{"line":38,"column":10},"end":{"line":38,"column":41}},{"start":{"line":39,"column":10},"end":{"line":39,"column":null}}],"line":37},"8":{"loc":{"start":{"line":43,"column":2},"end":{"line":44,"column":null}},"type":"if","locations":[{"start":{"line":43,"column":2},"end":{"line":44,"column":null}},{"start":{},"end":{}}],"line":43},"9":{"loc":{"start":{"line":48,"column":37},"end":{"line":48,"column":66}},"type":"binary-expr","locations":[{"start":{"line":48,"column":37},"end":{"line":48,"column":63}},{"start":{"line":48,"column":63},"end":{"line":48,"column":66}}],"line":48},"10":{"loc":{"start":{"line":68,"column":2},"end":{"line":83,"column":null}},"type":"if","locations":[{"start":{"line":68,"column":2},"end":{"line":83,"column":null}},{"start":{"line":77,"column":9},"end":{"line":83,"column":null}}],"line":68},"11":{"loc":{"start":{"line":70,"column":6},"end":{"line":74,"column":null}},"type":"if","locations":[{"start":{"line":70,"column":6},"end":{"line":74,"column":null}},{"start":{"line":72,"column":17},"end":{"line":74,"column":null}}],"line":70},"12":{"loc":{"start":{"line":72,"column":17},"end":{"line":74,"column":null}},"type":"if","locations":[{"start":{"line":72,"column":17},"end":{"line":74,"column":null}},{"start":{},"end":{}}],"line":72},"13":{"loc":{"start":{"line":73,"column":23},"end":{"line":73,"column":null}},"type":"cond-expr","locations":[{"start":{"line":73,"column":54},"end":{"line":73,"column":70}},{"start":{"line":73,"column":73},"end":{"line":73,"column":null}}],"line":73},"14":{"loc":{"start":{"line":82,"column":21},"end":{"line":82,"column":null}},"type":"cond-expr","locations":[{"start":{"line":82,"column":52},"end":{"line":82,"column":68}},{"start":{"line":82,"column":71},"end":{"line":82,"column":null}}],"line":82},"15":{"loc":{"start":{"line":89,"column":4},"end":{"line":89,"column":null}},"type":"cond-expr","locations":[{"start":{"line":89,"column":26},"end":{"line":89,"column":42}},{"start":{"line":89,"column":42},"end":{"line":89,"column":null}}],"line":89},"16":{"loc":{"start":{"line":95,"column":49},"end":{"line":95,"column":81}},"type":"cond-expr","locations":[{"start":{"line":95,"column":72},"end":{"line":95,"column":78}},{"start":{"line":95,"column":78},"end":{"line":95,"column":81}}],"line":95}},"s":{"0":2,"1":20,"2":20,"3":18,"4":18,"5":20,"6":20,"7":20,"8":20,"9":20,"10":18,"11":18,"12":18,"13":18,"14":18,"15":2,"16":2,"17":18,"18":1,"19":18,"20":57,"21":18,"22":18,"23":18,"24":18,"25":18,"26":57,"27":18,"28":21,"29":21,"30":6,"31":21,"32":21,"33":21,"34":21,"35":19,"36":57,"37":19,"38":38,"39":37,"40":37,"41":2,"42":4,"43":2,"44":2,"45":4,"46":4,"47":4,"48":4,"49":21,"50":21,"51":61,"52":21,"53":21,"54":21,"55":21,"56":21},"f":{"0":20,"1":18,"2":57,"3":57,"4":21,"5":6,"6":4,"7":61},"b":{"0":[18,2],"1":[20,18],"2":[20,1],"3":[7,11],"4":[8,10],"5":[2,16],"6":[18,2],"7":[1,1],"8":[1,17],"9":[18,18],"10":[19,2],"11":[19,38],"12":[37,1],"13":[5,32],"14":[1,3],"15":[57,4],"16":[15,6]},"meta":{"lastBranch":17,"lastFunction":8,"lastStatement":57,"seen":{"s:6:0:6:Infinity":0,"f:8:16:8:30":0,"s:9:26:9:28":1,"b:11:2:13:Infinity:undefined:undefined:undefined:undefined":0,"s:11:2:13:Infinity":2,"b:11:6:11:29:11:29:11:51":1,"s:12:4:12:Infinity":3,"s:13:4:13:Infinity":4,"s:16:18:16:Infinity":5,"s:17:15:17:Infinity":6,"b:17:15:17:31:17:31:17:Infinity":2,"s:18:19:18:Infinity":7,"s:19:2:19:Infinity":8,"s:21:2:21:Infinity":9,"f:24:9:24:30":1,"s:25:15:25:Infinity":10,"s:26:20:26:Infinity":11,"b:26:48:26:73:26:76:26:Infinity":3,"s:27:17:27:Infinity":12,"b:27:42:27:64:27:67:27:Infinity":4,"s:29:26:33:Infinity":13,"b:35:2:40:Infinity:undefined:undefined:undefined:undefined":5,"s:35:2:40:Infinity":14,"b:35:6:35:30:35:30:35:63":6,"s:37:6:39:Infinity":15,"b:38:10:38:41:39:10:39:Infinity":7,"s:40:4:40:Infinity":16,"b:43:2:44:Infinity:undefined:undefined:undefined:undefined":8,"s:43:2:44:Infinity":17,"s:44:4:44:Infinity":18,"s:47:17:47:56":19,"f:47:35:47:40":2,"s:47:46:47:55":20,"s:48:16:48:66":21,"b:48:37:48:63:48:63:48:66":9,"s:49:21:49:Infinity":22,"s:51:14:51:54":23,"s:52:17:52:57":24,"s:53:18:54:Infinity":25,"f:53:24:53:Infinity":3,"s:54:11:54:118":26,"s:57:2:57:Infinity":27,"f:60:16:60:26":4,"s:61:26:61:28":28,"s:62:23:62:68":29,"f:62:44:62:49":5,"s:62:55:62:67":30,"s:64:2:64:Infinity":31,"s:65:2:65:Infinity":32,"s:66:2:66:Infinity":33,"b:68:2:83:Infinity:77:9:83:Infinity":10,"s:68:2:83:Infinity":34,"s:69:4:74:Infinity":35,"b:70:6:74:Infinity:72:17:74:Infinity":11,"s:70:6:74:Infinity":36,"s:71:8:71:Infinity":37,"b:72:17:74:Infinity:undefined:undefined:undefined:undefined":12,"s:72:17:74:Infinity":38,"s:73:23:73:Infinity":39,"b:73:54:73:70:73:73:73:Infinity":13,"s:74:8:74:Infinity":40,"s:78:23:78:63":41,"f:78:36:78:44":6,"s:78:50:78:63":42,"s:79:4:83:Infinity":43,"s:79:17:79:20":44,"s:80:22:80:Infinity":45,"s:81:18:81:43":46,"s:82:21:82:Infinity":47,"b:82:52:82:68:82:71:82:Infinity":14,"s:83:6:83:Infinity":48,"s:87:25:87:Infinity":49,"s:88:21:89:Infinity":50,"f:88:34:88:42":7,"s:89:4:89:Infinity":51,"b:89:26:89:42:89:42:89:Infinity":15,"s:91:20:91:Infinity":52,"s:93:2:93:Infinity":53,"s:94:2:97:Infinity":54,"b:95:72:95:78:95:78:95:81":16,"s:98:2:98:Infinity":55,"s:100:2:100:Infinity":56}}}
}
